0 info it worked if it ends with ok
1 verbose cli [ '/home/nacho/.nvm/versions/node/v5.2.0/bin/node',
1 verbose cli   '/home/nacho/.nvm/versions/node/v5.2.0/bin/npm',
1 verbose cli   'start' ]
2 info using npm@3.3.12
3 info using node@v5.2.0
4 verbose run-script [ 'prestart', 'start', 'poststart' ]
5 info lifecycle voting-app@0.0.0~prestart: voting-app@0.0.0
6 silly lifecycle voting-app@0.0.0~prestart: no script for prestart, continuing
7 info lifecycle voting-app@0.0.0~start: voting-app@0.0.0
8 verbose lifecycle voting-app@0.0.0~start: unsafe-perm in lifecycle true
9 verbose lifecycle voting-app@0.0.0~start: PATH: /home/nacho/.nvm/versions/node/v5.2.0/lib/node_modules/npm/bin/node-gyp-bin:/home/nacho/PROJECTS/votingApp/node_modules/.bin:/home/nacho/.nvm/versions/node/v5.2.0/bin:/usr/local/sbin:/usr/local/bin:/usr/sbin:/usr/bin:/sbin:/bin:/usr/games:/usr/local/games
10 verbose lifecycle voting-app@0.0.0~start: CWD: /home/nacho/PROJECTS/votingApp
11 silly lifecycle voting-app@0.0.0~start: Args: [ '-c', 'node ./bin/www' ]
12 silly lifecycle voting-app@0.0.0~start: Returned: code: 1  signal: null
13 info lifecycle voting-app@0.0.0~start: Failed to exec start script
14 verbose stack Error: voting-app@0.0.0 start: `node ./bin/www`
14 verbose stack Exit status 1
14 verbose stack     at EventEmitter.<anonymous> (/home/nacho/.nvm/versions/node/v5.2.0/lib/node_modules/npm/lib/utils/lifecycle.js:232:16)
14 verbose stack     at emitTwo (events.js:88:13)
14 verbose stack     at EventEmitter.emit (events.js:173:7)
14 verbose stack     at ChildProcess.<anonymous> (/home/nacho/.nvm/versions/node/v5.2.0/lib/node_modules/npm/lib/utils/spawn.js:24:14)
14 verbose stack     at emitTwo (events.js:88:13)
14 verbose stack     at ChildProcess.emit (events.js:173:7)
14 verbose stack     at maybeClose (internal/child_process.js:819:16)
14 verbose stack     at Process.ChildProcess._handle.onexit (internal/child_process.js:212:5)
15 verbose pkgid voting-app@0.0.0
16 verbose cwd /home/nacho/PROJECTS/votingApp
17 error Linux 4.2.0-19-generic
18 error argv "/home/nacho/.nvm/versions/node/v5.2.0/bin/node" "/home/nacho/.nvm/versions/node/v5.2.0/bin/npm" "start"
19 error node v5.2.0
20 error npm  v3.3.12
21 error code ELIFECYCLE
22 error voting-app@0.0.0 start: `node ./bin/www`
22 error Exit status 1
23 error Failed at the voting-app@0.0.0 start script 'node ./bin/www'.
23 error Make sure you have the latest version of node.js and npm installed.
23 error If you do, this is most likely a problem with the voting-app package,
23 error not with npm itself.
23 error Tell the author that this fails on your system:
23 error     node ./bin/www
23 error You can get their info via:
23 error     npm owner ls voting-app
23 error There is likely additional logging output above.
24 verbose exit [ 1, true ]
